Standard Commons Logging discovery in action with spring-jcl: please remove commons-logging.jar from classpath in order to avoid potential conflicts

  .   ____          _            __ _ _
 /\\ / ___'_ __ _ _(_)_ __  __ _ \ \ \ \
( ( )\___ | '_ | '_| | '_ \/ _` | \ \ \ \
 \\/  ___)| |_)| | | | | || (_| |  ) ) ) )
  '  |____| .__|_| |_|_| |_\__, | / / / /
 =========|_|==============|___/=/_/_/_/

 :: Spring Boot ::               (v3.5.14)

2026-07-07T10:45:34.052+05:30  INFO 8764 --- [mahalaxmi-autoparts-web] [           main] c.m.autoparts.MahalaxmiWebApplication    : Starting MahalaxmiWebApplication v0.1.0 using Java 21.0.11 with PID 8764 (E:\Ritesh\backend\target\autoparts-web-0.1.0.jar started by user in E:\Ritesh)
2026-07-07T10:45:34.054+05:30  INFO 8764 --- [mahalaxmi-autoparts-web] [           main] c.m.autoparts.MahalaxmiWebApplication    : No active profile set, falling back to 1 default profile: "default"
2026-07-07T10:45:36.312+05:30  INFO 8764 --- [mahalaxmi-autoparts-web] [           main] .s.d.r.c.RepositoryConfigurationDelegate : Bootstrapping Spring Data JPA repositories in DEFAULT mode.
2026-07-07T10:45:36.415+05:30  INFO 8764 --- [mahalaxmi-autoparts-web] [           main] .s.d.r.c.RepositoryConfigurationDelegate : Finished Spring Data repository scanning in 93 ms. Found 13 JPA repository interfaces.
2026-07-07T10:45:37.627+05:30  INFO 8764 --- [mahalaxmi-autoparts-web] [           main] o.s.b.w.embedded.tomcat.TomcatWebServer  : Tomcat initialized with port 8080 (http)
2026-07-07T10:45:37.644+05:30  INFO 8764 --- [mahalaxmi-autoparts-web] [           main] o.apache.catalina.core.StandardService   : Starting service [Tomcat]
2026-07-07T10:45:37.644+05:30  INFO 8764 --- [mahalaxmi-autoparts-web] [           main] o.apache.catalina.core.StandardEngine    : Starting Servlet engine: [Apache Tomcat/10.1.54]
2026-07-07T10:45:37.699+05:30  INFO 8764 --- [mahalaxmi-autoparts-web] [           main] o.a.c.c.C.[Tomcat].[localhost].[/]       : Initializing Spring embedded WebApplicationContext
2026-07-07T10:45:37.699+05:30  INFO 8764 --- [mahalaxmi-autoparts-web] [           main] w.s.c.ServletWebServerApplicationContext : Root WebApplicationContext: initialization completed in 3557 ms
Standard Commons Logging discovery in action with spring-jcl: please remove commons-logging.jar from classpath in order to avoid potential conflicts
2026-07-07T10:45:38.037+05:30  INFO 8764 --- [mahalaxmi-autoparts-web] [           main] o.hibernate.jpa.internal.util.LogHelper  : HHH000204: Processing PersistenceUnitInfo [name: default]
2026-07-07T10:45:38.228+05:30  INFO 8764 --- [mahalaxmi-autoparts-web] [           main] org.hibernate.Version                    : HHH000412: Hibernate ORM core version 6.6.49.Final
2026-07-07T10:45:38.482+05:30  INFO 8764 --- [mahalaxmi-autoparts-web] [           main] o.h.c.internal.RegionFactoryInitiator    : HHH000026: Second-level cache disabled
2026-07-07T10:45:39.323+05:30  INFO 8764 --- [mahalaxmi-autoparts-web] [           main] o.s.o.j.p.SpringPersistenceUnitInfo      : No LoadTimeWeaver setup: ignoring JPA class transformer
2026-07-07T10:45:39.474+05:30  INFO 8764 --- [mahalaxmi-autoparts-web] [           main] com.zaxxer.hikari.HikariDataSource       : HikariPool-1 - Starting...
2026-07-07T10:45:39.692+05:30  INFO 8764 --- [mahalaxmi-autoparts-web] [           main] com.zaxxer.hikari.pool.HikariPool        : HikariPool-1 - Added connection com.mysql.cj.jdbc.ConnectionImpl@7ce30c0b
2026-07-07T10:45:39.692+05:30  INFO 8764 --- [mahalaxmi-autoparts-web] [           main] com.zaxxer.hikari.HikariDataSource       : HikariPool-1 - Start completed.
2026-07-07T10:45:39.906+05:30  INFO 8764 --- [mahalaxmi-autoparts-web] [           main] org.hibernate.orm.connections.pooling    : HHH10001005: Database info:
	Database JDBC URL [Connecting through datasource 'HikariDataSource (HikariPool-1)']
	Database driver: undefined/unknown
	Database version: 8.0.46
	Autocommit mode: undefined/unknown
	Isolation level: undefined/unknown
	Minimum pool size: undefined/unknown
	Maximum pool size: undefined/unknown
2026-07-07T10:45:41.421+05:30  INFO 8764 --- [mahalaxmi-autoparts-web] [           main] o.h.e.t.j.p.i.JtaPlatformInitiator       : HHH000489: No JTA platform available (set 'hibernate.transaction.jta.platform' to enable JTA platform integration)
2026-07-07T10:45:41.571+05:30  INFO 8764 --- [mahalaxmi-autoparts-web] [           main] j.LocalContainerEntityManagerFactoryBean : Initialized JPA EntityManagerFactory for persistence unit 'default'
2026-07-07T10:45:41.992+05:30  INFO 8764 --- [mahalaxmi-autoparts-web] [           main] o.s.d.j.r.query.QueryEnhancerFactory     : Hibernate is in classpath; If applicable, HQL parser will be used.
2026-07-07T10:45:43.648+05:30  INFO 8764 --- [mahalaxmi-autoparts-web] [           main] o.s.b.a.w.s.WelcomePageHandlerMapping    : Adding welcome page: class path resource [static/index.html]
2026-07-07T10:45:44.055+05:30  INFO 8764 --- [mahalaxmi-autoparts-web] [           main] o.s.b.w.embedded.tomcat.TomcatWebServer  : Tomcat started on port 8080 (http) with context path '/'
2026-07-07T10:45:44.079+05:30  INFO 8764 --- [mahalaxmi-autoparts-web] [           main] c.m.autoparts.MahalaxmiWebApplication    : Started MahalaxmiWebApplication in 10.931 seconds (process running for 12.346)
2026-07-07T10:45:44.647+05:30  INFO 8764 --- [mahalaxmi-autoparts-web] [0.0-8080-exec-1] o.a.c.c.C.[Tomcat].[localhost].[/]       : Initializing Spring DispatcherServlet 'dispatcherServlet'
2026-07-07T10:45:44.647+05:30  INFO 8764 --- [mahalaxmi-autoparts-web] [0.0-8080-exec-1] o.s.web.servlet.DispatcherServlet        : Initializing Servlet 'dispatcherServlet'
2026-07-07T10:45:44.647+05:30  INFO 8764 --- [mahalaxmi-autoparts-web] [0.0-8080-exec-1] o.s.web.servlet.DispatcherServlet        : Completed initialization in 0 ms
